<?xml version="1.0" encoding="UTF-8"?>
<testng-results ignored="0" total="1" passed="1" failed="0" skipped="0">
  <reporter-output>
  </reporter-output>
  <suite started-at="2023-11-03T13:41:36 IST" name="Default suite" finished-at="2023-11-03T13:41:49 IST" duration-ms="13280">
    <groups>
    </groups>
    <test started-at="2023-11-03T13:41:36 IST" name="Default test" finished-at="2023-11-03T13:41:49 IST" duration-ms="13280">
      <class name="qa.com.testcases.Testcase2">
        <test-method is-config="true" signature="inta()[pri:0, instance:qa.com.testcases.Testcase2@67d48005]" started-at="2023-11-03T13:41:36 IST" name="inta" finished-at="2023-11-03T13:41:40 IST" duration-ms="4779" status="PASS">
          <reporter-output>
          </reporter-output>
        </test-method> <!-- inta -->
        <test-method signature="log()[pri:0, instance:qa.com.testcases.Testcase2@67d48005]" started-at="2023-11-03T13:41:40 IST" name="log" finished-at="2023-11-03T13:41:49 IST" duration-ms="8461" status="PASS">
          <reporter-output>
          </reporter-output>
        </test-method> <!-- log -->
      </class> <!-- qa.com.testcases.Testcase2 -->
    </test> <!-- Default test -->
  </suite> <!-- Default suite -->
</testng-results>
