<?xml version="1.0" encoding="UTF-8"?>
<testng-results ignored="0" total="1" passed="1" failed="0" skipped="0">
  <reporter-output>
  </reporter-output>
  <suite started-at="2023-11-03T11:47:06 IST" name="Default suite" finished-at="2023-11-03T11:47:13 IST" duration-ms="6925">
    <groups>
    </groups>
    <test started-at="2023-11-03T11:47:06 IST" name="Default test" finished-at="2023-11-03T11:47:13 IST" duration-ms="6925">
      <class name="qa.com.testcases.testcaselogin01">
        <test-method is-config="true" signature="inta()[pri:0, instance:qa.com.testcases.testcaselogin01@67d48005]" started-at="2023-11-03T11:47:06 IST" name="inta" finished-at="2023-11-03T11:47:11 IST" duration-ms="4924" status="PASS">
          <reporter-output>
          </reporter-output>
        </test-method> <!-- inta -->
        <test-method signature="log()[pri:0, instance:qa.com.testcases.testcaselogin01@67d48005]" started-at="2023-11-03T11:47:11 IST" name="log" finished-at="2023-11-03T11:47:13 IST" duration-ms="1954" status="PASS">
          <reporter-output>
          </reporter-output>
        </test-method> <!-- log -->
      </class> <!-- qa.com.testcases.testcaselogin01 -->
    </test> <!-- Default test -->
  </suite> <!-- Default suite -->
</testng-results>
