<?xml version="1.0" encoding="UTF-8"?>
<testng-results ignored="0" total="1" passed="1" failed="0" skipped="0">
  <reporter-output>
  </reporter-output>
  <suite started-at="2023-11-10T12:03:52 IST" name="Default suite" finished-at="2023-11-10T12:04:07 IST" duration-ms="15146">
    <groups>
    </groups>
    <test started-at="2023-11-10T12:03:52 IST" name="Default test" finished-at="2023-11-10T12:04:07 IST" duration-ms="15146">
      <class name="com.test.stockreporttest">
        <test-method is-config="true" signature="catge()[pri:0, instance:com.test.stockreporttest@12468a38]" started-at="2023-11-10T12:03:52 IST" name="catge" finished-at="2023-11-10T12:03:55 IST" duration-ms="2898" status="PASS">
          <reporter-output>
          </reporter-output>
        </test-method> <!-- catge -->
        <test-method signature="log()[pri:0, instance:com.test.stockreporttest@12468a38]" started-at="2023-11-10T12:03:55 IST" name="log" finished-at="2023-11-10T12:04:07 IST" duration-ms="12213" status="PASS">
          <reporter-output>
          </reporter-output>
        </test-method> <!-- log -->
      </class> <!-- com.test.stockreporttest -->
    </test> <!-- Default test -->
  </suite> <!-- Default suite -->
</testng-results>
